2023-07-19T15:57:38.046Z [[31MERROR[39M]: [31mno es posible buscar el pruducto[39m
2023-07-19T15:57:38.087Z [[31MERROR[39M]: [31mno es posible buscar el pruducto[39m
2023-07-19T19:30:48.655Z [[32MINFO[39M]: [32mCarritos  totales consultados[39m
2023-07-19T19:31:46.852Z [[32MINFO[39M]: [32mCarritos  totales consultados[39m
2023-07-19T19:33:53.189Z [[32MINFO[39M]: [32mCarritos  totales consultados[39m
2023-07-19T19:34:23.122Z [[31MERROR[39M]: [31mno es posible consultar el producto especifico[39m
2023-07-19T19:34:39.248Z [[32MINFO[39M]: [32mCarritos  totales consultados[39m
2023-07-19T19:34:42.132Z [[32MINFO[39M]: [32mCarritos  totales consultados[39m
2023-07-19T19:34:43.238Z [[32MINFO[39M]: [32mCarritos  totales consultados[39m
2023-07-19T19:34:44.324Z [[32MINFO[39M]: [32mCarritos  totales consultados[39m
2023-07-19T19:34:45.314Z [[32MINFO[39M]: [32mCarritos  totales consultados[39m
2023-07-19T20:04:09.198Z [[32MINFO[39M]: [32mCarritos  totales consultados[39m
2023-07-19T20:04:13.502Z [[32MINFO[39M]: [32mcarrito especifico consultado con exito[39m
2023-07-19T20:15:42.833Z [[32MINFO[39M]: [32mcarrito especifico consultado con exito[39m
2023-07-19T20:15:47.029Z [[32MINFO[39M]: [32mCarritos  totales consultados[39m
2023-07-19T20:15:52.104Z [[32MINFO[39M]: [32mproductos consultados con exito[39m
2023-07-19T20:15:55.987Z [[32MINFO[39M]: [32mproducto especifico consultado con exito[39m
2023-07-19T23:02:28.634Z [[32MINFO[39M]: [32mproductos consultados con exito[39m
2023-07-19T23:02:33.119Z [[32MINFO[39M]: [32mproductos consultados con exito[39m
2023-07-19T23:22:11.961Z [[32MINFO[39M]: [32mproductos consultados con exito[39m
2023-07-21T23:12:50.569Z [[32MINFO[39M]: [32mproductos consultados con exito[39m
2023-07-22T01:37:38.252Z [[32MINFO[39M]: [32mproductos consultados con exito[39m
2023-07-22T02:18:53.039Z [[32MINFO[39M]: [32mproductos consultados con exito[39m
2023-07-22T02:20:00.855Z [[32MINFO[39M]: [32mproductos consultados con exito[39m
2023-07-22T02:21:04.144Z [[32MINFO[39M]: [32mproductos consultados con exito[39m
2023-07-22T02:51:15.086Z [[32MINFO[39M]: [32mproductos consultados con exito[39m
2023-07-24T22:42:14.278Z [[32MINFO[39M]: [32mcarrito especifico consultado con exito[39m
2023-07-24T22:42:14.679Z [[32MINFO[39M]: [32mticket creado con exito[39m
2023-07-24T22:52:43.272Z [[32MINFO[39M]: [32mproductos consultados con exito[39m
2023-07-24T22:52:49.720Z [[32MINFO[39M]: [32mcarrito especifico consultado con exito[39m
2023-07-24T22:52:50.094Z [[32MINFO[39M]: [32mticket creado con exito[39m
2023-07-24T23:06:54.730Z [[32MINFO[39M]: [32mproductos consultados con exito[39m
2023-07-24T23:06:59.747Z [[32MINFO[39M]: [32mcarrito especifico consultado con exito[39m
2023-07-24T23:07:00.112Z [[32MINFO[39M]: [32mticket creado con exito[39m
2023-07-24T23:18:46.953Z [[32MINFO[39M]: [32mproducto especifico consultado con exito[39m
2023-07-24T23:18:47.044Z [[32MINFO[39M]: [32mcarrito especifico consultado con exito[39m
2023-07-24T23:18:47.126Z [[31MERROR[39M]: [31mno es posible agregar el producto al carrito[39m
2023-07-24T23:47:33.566Z [[32MINFO[39M]: [32mproductos consultados con exito[39m
2023-07-24T23:54:12.245Z [[32MINFO[39M]: [32mproductos consultados con exito[39m
2023-07-24T23:54:37.758Z [[32MINFO[39M]: [32mproductos consultados con exito[39m
2023-07-24T23:55:30.924Z [[32MINFO[39M]: [32mproductos consultados con exito[39m
2023-07-24T23:58:45.040Z [[32MINFO[39M]: [32mcarrito especifico consultado con exito[39m
2023-07-24T23:58:45.420Z [[32MINFO[39M]: [32mticket creado con exito[39m
2023-07-25T00:00:07.924Z [[32MINFO[39M]: [32mcarrito especifico consultado con exito[39m
2023-07-25T00:09:05.521Z [[32MINFO[39M]: [32mcarrito especifico consultado con exito[39m
2023-07-25T00:11:00.414Z [[32MINFO[39M]: [32mcarrito especifico consultado con exito[39m
2023-07-25T00:14:26.283Z [[32MINFO[39M]: [32mproductos consultados con exito[39m
2023-07-25T00:32:11.097Z [[32MINFO[39M]: [32mproductos consultados con exito[39m
2023-07-25T02:21:02.279Z [[32MINFO[39M]: [32mproductos consultados con exito[39m
2023-07-25T02:31:53.694Z [[32MINFO[39M]: [32mproductos consultados con exito[39m
2023-07-25T02:43:13.531Z [[32MINFO[39M]: [32mcarrito especifico consultado con exito[39m
2023-07-25T02:50:47.301Z [[32MINFO[39M]: [32mproducto eliminado con exito[39m
2023-07-25T02:53:08.113Z [[32MINFO[39M]: [32mproducto eliminado con exito[39m
2023-07-25T03:02:19.048Z [[32MINFO[39M]: [32mproducto eliminado con exito[39m
2023-07-25T03:02:20.007Z [[32MINFO[39M]: [32mproducto eliminado con exito[39m
2023-07-25T03:03:11.803Z [[32MINFO[39M]: [32mproducto eliminado con exito[39m
2023-07-25T03:07:21.678Z [[32MINFO[39M]: [32mproductos consultados con exito[39m
2023-07-25T03:07:29.334Z [[32MINFO[39M]: [32mproducto eliminado con exito[39m
2023-07-25T03:07:31.350Z [[32MINFO[39M]: [32mproducto eliminado con exito[39m
2023-07-25T03:07:32.341Z [[32MINFO[39M]: [32mproducto eliminado con exito[39m
2023-07-25T03:09:39.183Z [[32MINFO[39M]: [32mcarrito especifico consultado con exito[39m
2023-07-25T03:09:58.172Z [[32MINFO[39M]: [32mcarrito especifico consultado con exito[39m
2023-07-25T03:11:57.211Z [[32MINFO[39M]: [32mcarrito especifico consultado con exito[39m
2023-07-25T03:14:55.833Z [[32MINFO[39M]: [32mcarrito especifico consultado con exito[39m
2023-07-25T03:14:56.195Z [[32MINFO[39M]: [32mticket creado con exito[39m
2023-07-25T03:15:29.447Z [[32MINFO[39M]: [32mcarrito especifico consultado con exito[39m
2023-07-25T03:15:29.784Z [[32MINFO[39M]: [32mticket creado con exito[39m
2023-07-25T03:17:08.555Z [[32MINFO[39M]: [32mcarrito especifico consultado con exito[39m
2023-07-25T03:17:08.912Z [[32MINFO[39M]: [32mticket creado con exito[39m
2023-07-25T03:39:18.010Z [[32MINFO[39M]: [32musuario actualizado con exito[39m
2023-07-25T03:39:40.259Z [[32MINFO[39M]: [32musuario actualizado con exito[39m
2023-07-25T03:41:11.089Z [[32MINFO[39M]: [32mproducto creado con exito[39m
