2023-07-19T15:57:38.046Z [[31MERROR[39M]: [31mno es posible buscar el pruducto[39m
2023-07-19T15:57:38.087Z [[31MERROR[39M]: [31mno es posible buscar el pruducto[39m
2023-07-19T19:34:23.122Z [[31MERROR[39M]: [31mno es posible consultar el producto especifico[39m
2023-07-24T23:18:47.126Z [[31MERROR[39M]: [31mno es posible agregar el producto al carrito[39m
2023-07-29T02:14:53.750Z [[31MERROR[39M]: [31mno es posible consultar el producto especifico[39m
2023-07-29T03:46:25.691Z [[31MERROR[39M]: [31mno es posible consultar los productos[39m
2023-07-29T16:49:15.440Z [[31MERROR[39M]: [31mno es posible consultar los productos[39m
2023-07-29T16:49:17.459Z [[31MERROR[39M]: [31mno es posible crear el producto[39m
2023-07-29T16:49:19.463Z [[31MERROR[39M]: [31mno es posible crear el producto[39m
2023-07-29T16:50:58.870Z [[31MERROR[39M]: [31mno es posible consultar los productos[39m
2023-07-29T16:51:33.658Z [[31MERROR[39M]: [31mno es posible consultar los productos[39m
2023-07-29T16:53:41.751Z [[31MERROR[39M]: [31mno es posible consultar los productos[39m
2023-07-29T16:53:51.779Z [[31MERROR[39M]: [31mno es posible crear el producto[39m
2023-07-29T16:54:01.802Z [[31MERROR[39M]: [31mno es posible crear el producto[39m
2023-07-29T16:55:25.867Z [[31MERROR[39M]: [31mno es posible consultar los productos[39m
2023-07-29T16:55:35.893Z [[31MERROR[39M]: [31mno es posible crear el producto[39m
2023-07-29T16:55:45.904Z [[31MERROR[39M]: [31mno es posible crear el producto[39m
2023-07-29T16:56:38.397Z [[31MERROR[39M]: [31mno es posible consultar los productos[39m
2023-07-29T16:56:48.433Z [[31MERROR[39M]: [31mno es posible crear el producto[39m
2023-07-29T16:56:58.456Z [[31MERROR[39M]: [31mno es posible crear el producto[39m
2023-07-29T17:40:26.719Z [[31MERROR[39M]: [31mno es posible consultar los productos[39m
2023-07-29T17:40:36.751Z [[31MERROR[39M]: [31mno es posible crear el producto[39m
2023-07-29T17:40:46.758Z [[31MERROR[39M]: [31mno es posible crear el producto[39m
2023-07-29T17:45:51.189Z [[31MERROR[39M]: [31mno es posible consultar los productos[39m
2023-07-29T17:46:01.217Z [[31MERROR[39M]: [31mno es posible crear el producto[39m
2023-07-29T17:46:11.233Z [[31MERROR[39M]: [31mno es posible crear el producto[39m
2023-07-29T17:53:34.118Z [[31MERROR[39M]: [31mno es posible consultar los productos[39m
2023-07-29T17:53:44.140Z [[31MERROR[39M]: [31mno es posible crear el producto[39m
2023-07-29T17:53:54.147Z [[31MERROR[39M]: [31mno es posible crear el producto[39m
2023-07-29T18:10:28.467Z [[31MERROR[39M]: [31mno es posible consultar los productos[39m
2023-07-29T18:11:39.368Z [[31MERROR[39M]: [31mno es posible consultar los productos[39m
2023-07-29T18:13:10.262Z [[31MERROR[39M]: [31mno es posible consultar los productos[39m
2023-07-29T18:36:26.345Z [[31MERROR[39M]: [31mno es posible consultar los productos[39m
2023-07-29T18:36:46.937Z [[31MERROR[39M]: [31mno es posible consultar los productos[39m
2023-07-29T18:38:36.970Z [[31MERROR[39M]: [31mno es posible consultar los productos[39m
2023-07-29T18:40:18.451Z [[31MERROR[39M]: [31mno es posible consultar los productos[39m
2023-07-29T18:41:32.977Z [[31MERROR[39M]: [31mno es posible consultar los productos[39m
2023-07-29T18:53:30.446Z [[31MERROR[39M]: [31mno es posible consultar los productos[39m
2023-07-29T19:02:44.637Z [[31MERROR[39M]: [31mno es posible consultar el producto especifico[39m
2023-07-29T19:06:55.740Z [[31MERROR[39M]: [31mno es posible consultar los productos[39m
2023-07-29T19:07:52.251Z [[31MERROR[39M]: [31mno es posible consultar los productos[39m
2023-07-29T19:08:49.832Z [[31MERROR[39M]: [31mno es posible consultar los productos[39m
2023-07-29T19:10:18.063Z [[31MERROR[39M]: [31mno es posible consultar los productos[39m
2023-07-29T19:11:08.166Z [[31MERROR[39M]: [31mno es posible consultar los productos[39m
2023-07-29T19:19:46.063Z [[31MERROR[39M]: [31mno es posible consultar los productos[39m
2023-07-29T19:20:41.566Z [[31MERROR[39M]: [31mno es posible consultar los productos[39m
2023-07-29T19:25:12.040Z [[31MERROR[39M]: [31mno es posible consultar los productos[39m
2023-07-29T19:27:17.280Z [[31MERROR[39M]: [31mno es posible consultar los productos[39m
2023-07-29T19:29:20.641Z [[31MERROR[39M]: [31mno es posible consultar los productos[39m
2023-07-31T22:01:19.515Z [[31MERROR[39M]: [31mno es posible crear el producto[39m
2023-07-31T22:01:21.530Z [[31MERROR[39M]: [31mno es posible consultar los productos[39m
2023-07-31T22:01:23.526Z [[31MERROR[39M]: [31mno es posible crear el producto[39m
2023-07-31T22:01:25.535Z [[31MERROR[39M]: [31mno es posible crear el producto[39m
2023-07-31T22:01:27.553Z [[31MERROR[39M]: [31mno es posible crear el producto[39m
2023-07-31T22:01:51.758Z [[31MERROR[39M]: [31mno es posible crear el producto[39m
2023-07-31T22:01:56.781Z [[31MERROR[39M]: [31mno es posible consultar los productos[39m
2023-07-31T22:01:58.788Z [[31MERROR[39M]: [31mno es posible crear el producto[39m
2023-07-31T22:02:00.798Z [[31MERROR[39M]: [31mno es posible crear el producto[39m
2023-07-31T22:02:02.804Z [[31MERROR[39M]: [31mno es posible crear el producto[39m
2023-07-31T22:06:44.580Z [[31MERROR[39M]: [31mno es posible consultar los productos[39m
2023-07-31T22:07:04.598Z [[31MERROR[39M]: [31mno es posible consultar los productos[39m
2023-07-31T22:07:28.333Z [[31MERROR[39M]: [31mno es posible consultar los productos[39m
2023-07-31T22:08:31.049Z [[31MERROR[39M]: [31mno es posible consultar los productos[39m
2023-07-31T22:09:46.891Z [[31MERROR[39M]: [31mno es posible consultar los productos[39m
2023-07-31T22:16:33.556Z [[31MERROR[39M]: [31mno es posible consultar los productos[39m
2023-07-31T22:21:33.155Z [[31MERROR[39M]: [31mno es posible consultar los productos[39m
2023-07-31T22:21:48.044Z [[31MERROR[39M]: [31mno es posible consultar los productos[39m
2023-07-31T22:22:18.670Z [[31MERROR[39M]: [31mno es posible consultar los productos[39m
2023-07-31T22:24:02.348Z [[31MERROR[39M]: [31mno es posible consultar los productos[39m
2023-07-31T22:27:54.105Z [[31MERROR[39M]: [31mno es posible consultar los productos[39m
2023-07-31T22:33:06.216Z [[31MERROR[39M]: [31mno es posible consultar los productos[39m
2023-07-31T22:33:27.693Z [[31MERROR[39M]: [31mno es posible consultar los productos[39m
2023-07-31T22:35:05.519Z [[31MERROR[39M]: [31mno es posible consultar los productos[39m
2023-07-31T22:37:18.446Z [[31MERROR[39M]: [31mno es posible consultar los productos[39m
2023-07-31T22:39:53.906Z [[31MERROR[39M]: [31mno es posible consultar los productos[39m
2023-07-31T22:42:20.238Z [[31MERROR[39M]: [31mno es posible consultar los productos[39m
2023-07-31T22:48:38.892Z [[31MERROR[39M]: [31mno es posible consultar los productos[39m
2023-07-31T22:51:51.187Z [[31MERROR[39M]: [31mno es posible consultar los productos[39m
2023-07-31T22:57:55.378Z [[31MERROR[39M]: [31mno es posible consultar los productos[39m
2023-07-31T22:57:57.380Z [[31MERROR[39M]: [31mno es posible consultar los productos[39m
2023-07-31T22:58:31.716Z [[31MERROR[39M]: [31mno es posible consultar los productos[39m
2023-07-31T22:58:41.740Z [[31MERROR[39M]: [31mno es posible consultar los productos[39m
2023-07-31T23:07:41.647Z [[31MERROR[39M]: [31mno es posible consultar los productos[39m
2023-07-31T23:07:51.665Z [[31MERROR[39M]: [31mno es posible consultar los productos[39m
2023-07-31T23:08:11.832Z [[31MERROR[39M]: [31mno es posible consultar los productos[39m
2023-07-31T23:08:21.843Z [[31MERROR[39M]: [31mno es posible consultar los productos[39m
2023-07-31T23:11:45.288Z [[31MERROR[39M]: [31mno es posible consultar los productos[39m
2023-07-31T23:11:55.309Z [[31MERROR[39M]: [31mno es posible consultar los productos[39m
2023-07-31T23:12:37.734Z [[31MERROR[39M]: [31mno es posible consultar los productos[39m
2023-07-31T23:12:37.835Z [[31MERROR[39M]: [31mno es posible consultar los productos[39m
2023-07-31T23:21:03.986Z [[31MERROR[39M]: [31mno es posible consultar el producto especifico[39m
2023-07-31T23:30:11.639Z [[31M[1MFATAL[22M[39M]: [31m[1mno es posible acceder a la ruta[22m[39m
2023-07-31T23:30:45.561Z [[31M[1MFATAL[22M[39M]: [31m[1mno es posible acceder a la ruta[22m[39m
2023-07-31T23:34:52.876Z [[31M[1MFATAL[22M[39M]: [31m[1mno es posible acceder a la ruta[22m[39m
2023-07-31T23:38:47.305Z [[31M[1MFATAL[22M[39M]: [31m[1mno es posible acceder a la ruta[22m[39m
2023-07-31T23:39:26.958Z [[31M[1MFATAL[22M[39M]: [31m[1mno es posible acceder a la ruta[22m[39m
2023-07-31T23:40:36.296Z [[31M[1MFATAL[22M[39M]: [31m[1mno es posible acceder a la ruta[22m[39m
2023-07-31T23:48:48.121Z [[31M[1MFATAL[22M[39M]: [31m[1mno es posible acceder a la ruta[22m[39m
2023-08-01T00:06:41.657Z [[31MERROR[39M]: [31mno es posible consultar los carritos en la base de datos[39m
2023-08-06T20:33:27.782Z [[31MERROR[39M]: [31mno es posible agregar el producto al carrito[39m
2023-08-06T20:37:12.689Z [[31MERROR[39M]: [31mno es posible consultar el producto especifico[39m
2023-08-06T20:37:12.921Z [[31MERROR[39M]: [31mno es posible agregar el producto al carrito[39m
2023-08-06T20:38:39.867Z [[31MERROR[39M]: [31mno es posible consultar el producto especifico[39m
2023-08-06T20:38:40.062Z [[31MERROR[39M]: [31mno es posible agregar el producto al carrito[39m
2023-08-06T20:48:03.315Z [[31MERROR[39M]: [31mno es posible consultar el producto especifico[39m
2023-08-06T20:48:03.495Z [[31MERROR[39M]: [31mno es posible agregar el producto al carrito[39m
2023-08-06T21:15:42.532Z [[31MERROR[39M]: [31mno es posible buscar el carrito especifico[39m
2023-08-06T21:16:04.874Z [[31MERROR[39M]: [31mno es posible buscar el carrito especifico[39m
2023-08-06T21:16:30.240Z [[31MERROR[39M]: [31mno es posible buscar el carrito especifico[39m
2023-08-06T21:16:58.333Z [[31MERROR[39M]: [31mno es posible buscar el carrito especifico[39m
2023-08-06T21:17:28.728Z [[31MERROR[39M]: [31mno es posible buscar el carrito especifico[39m
2023-08-06T21:17:45.499Z [[31MERROR[39M]: [31mno es posible buscar el carrito especifico[39m
2023-08-06T21:17:56.382Z [[31MERROR[39M]: [31mno es posible buscar el carrito especifico[39m
2023-08-06T21:18:04.379Z [[31MERROR[39M]: [31mno es posible buscar el carrito especifico[39m
2023-08-06T21:18:13.433Z [[31MERROR[39M]: [31mno es posible buscar el carrito especifico[39m
2023-08-06T21:20:12.872Z [[31MERROR[39M]: [31mno es posible buscar el carrito especifico[39m
2023-08-06T21:21:09.874Z [[31MERROR[39M]: [31mno es posible buscar el carrito especifico[39m
2023-08-06T21:21:34.137Z [[31MERROR[39M]: [31mno es posible buscar el carrito especifico[39m
2023-08-06T21:22:59.771Z [[31MERROR[39M]: [31mno es posible buscar el carrito especifico[39m
2023-08-06T21:23:43.222Z [[31MERROR[39M]: [31mno es posible buscar el carrito especifico[39m
2023-08-06T21:24:08.506Z [[31MERROR[39M]: [31mno es posible buscar el carrito especifico[39m
2023-08-06T23:17:24.438Z [[31MERROR[39M]: [31mno es posible buscar el carrito especifico[39m
2023-08-06T23:18:25.780Z [[31MERROR[39M]: [31mno es posible buscar el carrito especifico[39m
2023-08-06T23:23:13.078Z [[31MERROR[39M]: [31mno es posible buscar el carrito especifico[39m
2023-08-06T23:24:49.539Z [[31MERROR[39M]: [31mno es posible buscar el carrito especifico[39m
2023-08-06T23:25:03.208Z [[31MERROR[39M]: [31mno es posible buscar el carrito especifico[39m
2023-08-06T23:25:27.882Z [[31MERROR[39M]: [31mno es posible buscar el carrito especifico[39m
2023-08-06T23:25:42.882Z [[31MERROR[39M]: [31mno es posible buscar el carrito especifico[39m
2023-08-06T23:27:56.133Z [[31MERROR[39M]: [31mno es posible buscar el carrito especifico[39m
2023-08-06T23:28:53.105Z [[31MERROR[39M]: [31mno es posible buscar el carrito especifico[39m
2023-08-06T23:29:36.142Z [[31MERROR[39M]: [31mno es posible buscar el carrito especifico[39m
2023-08-06T23:31:40.072Z [[31MERROR[39M]: [31mno es posible buscar el carrito especifico[39m
2023-08-06T23:32:13.071Z [[31MERROR[39M]: [31mno es posible buscar el carrito especifico[39m
2023-08-06T23:32:42.329Z [[31MERROR[39M]: [31mno es posible buscar el carrito especifico[39m
2023-08-06T23:33:46.334Z [[31MERROR[39M]: [31mno es posible buscar el carrito especifico[39m
2023-08-06T23:35:02.154Z [[31MERROR[39M]: [31mno es posible buscar el carrito especifico[39m
2023-08-06T23:35:08.960Z [[31MERROR[39M]: [31mno es posible buscar el carrito especifico[39m
2023-08-06T23:35:52.783Z [[31MERROR[39M]: [31mno es posible buscar el carrito especifico[39m
2023-08-06T23:36:45.115Z [[31MERROR[39M]: [31mno es posible buscar el carrito especifico[39m
2023-08-06T23:42:35.958Z [[31MERROR[39M]: [31mno es posible buscar el carrito especifico[39m
2023-08-06T23:42:35.960Z [[31M[1MFATAL[22M[39M]: [31m[1mno es posible acceder a la ruta[22m[39m
2023-08-06T23:50:24.991Z [[31MERROR[39M]: [31mno es posible buscar el carrito especifico[39m
2023-08-06T23:50:24.993Z [[31M[1MFATAL[22M[39M]: [31m[1mno es posible acceder a la ruta[22m[39m
2023-08-07T00:12:14.082Z [[31MERROR[39M]: [31mno es posible buscar el carrito especifico[39m
2023-08-07T00:12:27.236Z [[31MERROR[39M]: [31mno es posible buscar el carrito especifico[39m
